mode: set
/home/pascal/Dropbox/projets/go/float/float_cgo.go:15.43,19.45 4 1
/home/pascal/Dropbox/projets/go/float/float_cgo.go:19.45,22.3 1 1
/home/pascal/Dropbox/projets/go/float/float_cgo.go:22.8,24.3 1 0
/home/pascal/Dropbox/projets/go/float/float_cgo.go:28.43,32.45 4 1
/home/pascal/Dropbox/projets/go/float/float_cgo.go:32.45,34.3 1 1
/home/pascal/Dropbox/projets/go/float/float_cgo.go:34.8,36.3 1 0
/home/pascal/Dropbox/projets/go/float/float_cgo.go:40.43,44.45 4 1
/home/pascal/Dropbox/projets/go/float/float_cgo.go:44.45,46.3 1 1
/home/pascal/Dropbox/projets/go/float/float_cgo.go:46.8,48.3 1 0
/home/pascal/Dropbox/projets/go/float/float_cgo.go:52.57,55.45 3 1
/home/pascal/Dropbox/projets/go/float/float_cgo.go:55.45,57.3 1 1
/home/pascal/Dropbox/projets/go/float/float_cgo.go:57.8,59.3 1 0
/home/pascal/Dropbox/projets/go/float/float_cgo.go:63.41,65.45 2 1
/home/pascal/Dropbox/projets/go/float/float_cgo.go:65.45,67.3 1 1
/home/pascal/Dropbox/projets/go/float/float_cgo.go:67.8,69.3 1 1
/home/pascal/Dropbox/projets/go/float/float_cgo.go:73.44,76.45 3 1
/home/pascal/Dropbox/projets/go/float/float_cgo.go:76.45,79.3 1 1
/home/pascal/Dropbox/projets/go/float/float_cgo.go:79.8,81.3 1 0
/home/pascal/Dropbox/projets/go/float/float_cgo.go:85.43,89.45 4 1
/home/pascal/Dropbox/projets/go/float/float_cgo.go:89.45,92.3 1 1
/home/pascal/Dropbox/projets/go/float/float_cgo.go:92.8,94.3 1 0
/home/pascal/Dropbox/projets/go/float/float_cgo.go:98.43,102.45 4 1
/home/pascal/Dropbox/projets/go/float/float_cgo.go:102.45,104.3 1 1
/home/pascal/Dropbox/projets/go/float/float_cgo.go:104.8,106.3 1 0
/home/pascal/Dropbox/projets/go/float/float_cgo.go:110.43,114.45 4 1
/home/pascal/Dropbox/projets/go/float/float_cgo.go:114.45,116.3 1 1
/home/pascal/Dropbox/projets/go/float/float_cgo.go:116.8,118.3 1 0
/home/pascal/Dropbox/projets/go/float/float_cgo.go:122.57,125.45 3 1
/home/pascal/Dropbox/projets/go/float/float_cgo.go:125.45,127.3 1 1
/home/pascal/Dropbox/projets/go/float/float_cgo.go:127.8,129.3 1 0
/home/pascal/Dropbox/projets/go/float/float_cgo.go:133.41,135.45 2 1
/home/pascal/Dropbox/projets/go/float/float_cgo.go:135.45,137.3 1 1
/home/pascal/Dropbox/projets/go/float/float_cgo.go:137.8,139.3 1 1
/home/pascal/Dropbox/projets/go/float/float_cgo.go:143.44,146.45 3 1
/home/pascal/Dropbox/projets/go/float/float_cgo.go:146.45,149.3 1 1
/home/pascal/Dropbox/projets/go/float/float_cgo.go:149.8,151.3 1 0
/home/pascal/Dropbox/projets/go/float/powell.go:23.53,26.2 2 1
/home/pascal/Dropbox/projets/go/float/powell.go:29.90,31.2 1 1
/home/pascal/Dropbox/projets/go/float/powell.go:55.30,63.29 4 1
/home/pascal/Dropbox/projets/go/float/powell.go:71.2,72.31 2 1
/home/pascal/Dropbox/projets/go/float/powell.go:77.2,80.33 3 1
/home/pascal/Dropbox/projets/go/float/powell.go:99.2,101.25 3 1
/home/pascal/Dropbox/projets/go/float/powell.go:105.2,110.23 6 1
/home/pascal/Dropbox/projets/go/float/powell.go:113.2,113.6 1 1
/home/pascal/Dropbox/projets/go/float/powell.go:167.2,168.22 2 1
/home/pascal/Dropbox/projets/go/float/powell.go:189.2,190.10 2 1
/home/pascal/Dropbox/projets/go/float/powell.go:63.29,64.12 1 1
/home/pascal/Dropbox/projets/go/float/powell.go:67.3,67.11 1 1
/home/pascal/Dropbox/projets/go/float/powell.go:64.12,66.4 1 0
/home/pascal/Dropbox/projets/go/float/powell.go:72.31,76.3 3 1
/home/pascal/Dropbox/projets/go/float/powell.go:80.33,83.3 2 1
/home/pascal/Dropbox/projets/go/float/powell.go:83.8,83.25 1 0
/home/pascal/Dropbox/projets/go/float/powell.go:83.25,86.32 1 0
/home/pascal/Dropbox/projets/go/float/powell.go:86.32,88.4 1 0
/home/pascal/Dropbox/projets/go/float/powell.go:88.9,90.4 1 0
/home/pascal/Dropbox/projets/go/float/powell.go:91.8,91.24 1 0
/home/pascal/Dropbox/projets/go/float/powell.go:91.24,92.33 1 0
/home/pascal/Dropbox/projets/go/float/powell.go:92.33,94.4 1 0
/home/pascal/Dropbox/projets/go/float/powell.go:94.9,96.4 1 0
/home/pascal/Dropbox/projets/go/float/powell.go:101.25,103.3 1 1
/home/pascal/Dropbox/projets/go/float/powell.go:110.23,112.3 1 1
/home/pascal/Dropbox/projets/go/float/powell.go:113.6,117.27 4 1
/home/pascal/Dropbox/projets/go/float/powell.go:126.3,127.22 2 1
/home/pascal/Dropbox/projets/go/float/powell.go:130.3,131.27 2 1
/home/pascal/Dropbox/projets/go/float/powell.go:134.3,134.23 1 1
/home/pascal/Dropbox/projets/go/float/powell.go:137.3,137.22 1 1
/home/pascal/Dropbox/projets/go/float/powell.go:144.3,144.24 1 1
/home/pascal/Dropbox/projets/go/float/powell.go:149.3,151.15 2 1
/home/pascal/Dropbox/projets/go/float/powell.go:117.27,121.28 4 1
/home/pascal/Dropbox/projets/go/float/powell.go:121.28,124.5 2 1
/home/pascal/Dropbox/projets/go/float/powell.go:127.22,129.4 1 0
/home/pascal/Dropbox/projets/go/float/powell.go:131.27,132.9 1 1
/home/pascal/Dropbox/projets/go/float/powell.go:134.23,135.9 1 0
/home/pascal/Dropbox/projets/go/float/powell.go:137.22,138.9 1 0
/home/pascal/Dropbox/projets/go/float/powell.go:144.24,148.4 3 1
/home/pascal/Dropbox/projets/go/float/powell.go:151.15,157.15 6 0
/home/pascal/Dropbox/projets/go/float/powell.go:157.15,163.5 3 0
/home/pascal/Dropbox/projets/go/float/powell.go:168.22,172.18 3 0
/home/pascal/Dropbox/projets/go/float/powell.go:172.18,174.4 1 0
/home/pascal/Dropbox/projets/go/float/powell.go:175.8,175.28 1 1
/home/pascal/Dropbox/projets/go/float/powell.go:175.28,179.18 3 0
/home/pascal/Dropbox/projets/go/float/powell.go:179.18,181.4 1 0
/home/pascal/Dropbox/projets/go/float/powell.go:182.8,184.18 1 1
/home/pascal/Dropbox/projets/go/float/powell.go:184.18,186.4 1 0
/home/pascal/Dropbox/projets/go/float/powell.go:197.47,199.36 2 1
/home/pascal/Dropbox/projets/go/float/powell.go:208.2,214.19 5 1
/home/pascal/Dropbox/projets/go/float/powell.go:219.2,219.26 1 1
/home/pascal/Dropbox/projets/go/float/powell.go:199.36,203.24 2 1
/home/pascal/Dropbox/projets/go/float/powell.go:206.3,206.19 1 1
/home/pascal/Dropbox/projets/go/float/powell.go:203.24,205.4 1 1
/home/pascal/Dropbox/projets/go/float/powell.go:214.19,217.3 2 1
/home/pascal/Dropbox/projets/go/float/powell.go:233.120,243.13 6 1
/home/pascal/Dropbox/projets/go/float/powell.go:247.2,251.14 5 1
/home/pascal/Dropbox/projets/go/float/powell.go:311.2,311.41 1 1
/home/pascal/Dropbox/projets/go/float/powell.go:243.13,246.3 2 1
/home/pascal/Dropbox/projets/go/float/powell.go:251.14,255.38 4 1
/home/pascal/Dropbox/projets/go/float/powell.go:260.3,262.23 3 1
/home/pascal/Dropbox/projets/go/float/powell.go:265.3,266.26 2 1
/home/pascal/Dropbox/projets/go/float/powell.go:304.3,309.10 6 1
/home/pascal/Dropbox/projets/go/float/powell.go:255.38,257.4 1 0
/home/pascal/Dropbox/projets/go/float/powell.go:257.9,259.4 1 1
/home/pascal/Dropbox/projets/go/float/powell.go:262.23,264.4 1 0
/home/pascal/Dropbox/projets/go/float/powell.go:266.26,269.15 3 1
/home/pascal/Dropbox/projets/go/float/powell.go:280.4,282.14 3 0
/home/pascal/Dropbox/projets/go/float/powell.go:269.15,275.5 5 1
/home/pascal/Dropbox/projets/go/float/powell.go:275.10,275.22 1 0
/home/pascal/Dropbox/projets/go/float/powell.go:275.22,279.5 3 0
/home/pascal/Dropbox/projets/go/float/powell.go:283.9,283.39 1 1
/home/pascal/Dropbox/projets/go/float/powell.go:283.39,287.4 3 0
/home/pascal/Dropbox/projets/go/float/powell.go:287.9,287.35 1 1
/home/pascal/Dropbox/projets/go/float/powell.go:287.35,290.15 3 1
/home/pascal/Dropbox/projets/go/float/powell.go:290.15,298.5 7 0
/home/pascal/Dropbox/projets/go/float/powell.go:299.9,303.4 3 0
/home/pascal/Dropbox/projets/go/float/powell.go:328.97,337.2 1 1
/home/pascal/Dropbox/projets/go/float/powell.go:338.57,341.2 2 0
/home/pascal/Dropbox/projets/go/float/powell.go:342.106,348.20 6 1
/home/pascal/Dropbox/projets/go/float/powell.go:364.2,364.41 1 1
/home/pascal/Dropbox/projets/go/float/powell.go:349.9,350.71 1 1
/home/pascal/Dropbox/projets/go/float/powell.go:351.9,352.85 1 0
/home/pascal/Dropbox/projets/go/float/powell.go:353.9,355.14 2 0
/home/pascal/Dropbox/projets/go/float/powell.go:358.3,359.32 2 0
/home/pascal/Dropbox/projets/go/float/powell.go:362.3,362.15 1 0
/home/pascal/Dropbox/projets/go/float/powell.go:355.14,357.4 1 0
/home/pascal/Dropbox/projets/go/float/powell.go:359.32,361.4 1 0
/home/pascal/Dropbox/projets/go/float/powell.go:367.40,385.13 9 1
/home/pascal/Dropbox/projets/go/float/powell.go:392.2,395.24 4 1
/home/pascal/Dropbox/projets/go/float/powell.go:490.2,490.64 1 1
/home/pascal/Dropbox/projets/go/float/powell.go:385.13,388.3 2 1
/home/pascal/Dropbox/projets/go/float/powell.go:388.8,391.3 2 1
/home/pascal/Dropbox/projets/go/float/powell.go:395.24,400.46 4 1
/home/pascal/Dropbox/projets/go/float/powell.go:406.3,406.33 1 1
/home/pascal/Dropbox/projets/go/float/powell.go:445.3,445.29 1 1
/home/pascal/Dropbox/projets/go/float/powell.go:454.3,457.14 3 1
/home/pascal/Dropbox/projets/go/float/powell.go:485.3,485.9 1 1
/home/pascal/Dropbox/projets/go/float/powell.go:400.46,401.9 1 1
/home/pascal/Dropbox/projets/go/float/powell.go:406.33,407.17 1 1
/home/pascal/Dropbox/projets/go/float/powell.go:412.4,412.22 1 1
/home/pascal/Dropbox/projets/go/float/powell.go:407.17,409.5 1 1
/home/pascal/Dropbox/projets/go/float/powell.go:409.10,411.5 1 1
/home/pascal/Dropbox/projets/go/float/powell.go:413.9,418.18 5 1
/home/pascal/Dropbox/projets/go/float/powell.go:421.4,426.51 4 1
/home/pascal/Dropbox/projets/go/float/powell.go:418.18,420.5 1 1
/home/pascal/Dropbox/projets/go/float/powell.go:426.51,429.37 3 1
/home/pascal/Dropbox/projets/go/float/powell.go:429.37,430.21 1 1
/home/pascal/Dropbox/projets/go/float/powell.go:430.21,432.7 1 1
/home/pascal/Dropbox/projets/go/float/powell.go:432.12,434.7 1 1
/home/pascal/Dropbox/projets/go/float/powell.go:436.10,437.18 1 1
/home/pascal/Dropbox/projets/go/float/powell.go:442.5,442.23 1 1
/home/pascal/Dropbox/projets/go/float/powell.go:437.18,439.6 1 1
/home/pascal/Dropbox/projets/go/float/powell.go:439.11,441.6 1 1
/home/pascal/Dropbox/projets/go/float/powell.go:445.29,446.16 1 1
/home/pascal/Dropbox/projets/go/float/powell.go:446.16,448.5 1 1
/home/pascal/Dropbox/projets/go/float/powell.go:448.10,450.5 1 1
/home/pascal/Dropbox/projets/go/float/powell.go:451.9,453.4 1 1
/home/pascal/Dropbox/projets/go/float/powell.go:457.14,458.13 1 1
/home/pascal/Dropbox/projets/go/float/powell.go:463.4,463.30 1 1
/home/pascal/Dropbox/projets/go/float/powell.go:458.13,460.5 1 1
/home/pascal/Dropbox/projets/go/float/powell.go:460.10,462.5 1 1
/home/pascal/Dropbox/projets/go/float/powell.go:463.30,468.5 4 1
/home/pascal/Dropbox/projets/go/float/powell.go:468.10,468.49 1 1
/home/pascal/Dropbox/projets/go/float/powell.go:468.49,471.5 2 1
/home/pascal/Dropbox/projets/go/float/powell.go:472.9,473.14 1 1
/home/pascal/Dropbox/projets/go/float/powell.go:478.4,483.11 6 1
/home/pascal/Dropbox/projets/go/float/powell.go:473.14,475.5 1 1
/home/pascal/Dropbox/projets/go/float/powell.go:475.10,477.5 1 1
/home/pascal/Dropbox/projets/go/float/powell.go:503.53,506.2 2 1
/home/pascal/Dropbox/projets/go/float/powell.go:509.90,511.2 1 1
/home/pascal/Dropbox/projets/go/float/powell.go:535.30,543.29 4 1
/home/pascal/Dropbox/projets/go/float/powell.go:551.2,552.31 2 1
/home/pascal/Dropbox/projets/go/float/powell.go:557.2,560.33 3 1
/home/pascal/Dropbox/projets/go/float/powell.go:579.2,581.25 3 1
/home/pascal/Dropbox/projets/go/float/powell.go:585.2,590.23 6 1
/home/pascal/Dropbox/projets/go/float/powell.go:593.2,593.6 1 1
/home/pascal/Dropbox/projets/go/float/powell.go:647.2,648.22 2 1
/home/pascal/Dropbox/projets/go/float/powell.go:669.2,670.10 2 1
/home/pascal/Dropbox/projets/go/float/powell.go:543.29,544.12 1 1
/home/pascal/Dropbox/projets/go/float/powell.go:547.3,547.11 1 1
/home/pascal/Dropbox/projets/go/float/powell.go:544.12,546.4 1 0
/home/pascal/Dropbox/projets/go/float/powell.go:552.31,556.3 3 1
/home/pascal/Dropbox/projets/go/float/powell.go:560.33,563.3 2 1
/home/pascal/Dropbox/projets/go/float/powell.go:563.8,563.25 1 0
/home/pascal/Dropbox/projets/go/float/powell.go:563.25,566.32 1 0
/home/pascal/Dropbox/projets/go/float/powell.go:566.32,568.4 1 0
/home/pascal/Dropbox/projets/go/float/powell.go:568.9,570.4 1 0
/home/pascal/Dropbox/projets/go/float/powell.go:571.8,571.24 1 0
/home/pascal/Dropbox/projets/go/float/powell.go:571.24,572.33 1 0
/home/pascal/Dropbox/projets/go/float/powell.go:572.33,574.4 1 0
/home/pascal/Dropbox/projets/go/float/powell.go:574.9,576.4 1 0
/home/pascal/Dropbox/projets/go/float/powell.go:581.25,583.3 1 1
/home/pascal/Dropbox/projets/go/float/powell.go:590.23,592.3 1 1
/home/pascal/Dropbox/projets/go/float/powell.go:593.6,597.27 4 1
/home/pascal/Dropbox/projets/go/float/powell.go:606.3,607.22 2 1
/home/pascal/Dropbox/projets/go/float/powell.go:610.3,611.27 2 1
/home/pascal/Dropbox/projets/go/float/powell.go:614.3,614.23 1 1
/home/pascal/Dropbox/projets/go/float/powell.go:617.3,617.22 1 1
/home/pascal/Dropbox/projets/go/float/powell.go:624.3,624.24 1 1
/home/pascal/Dropbox/projets/go/float/powell.go:629.3,631.15 2 1
/home/pascal/Dropbox/projets/go/float/powell.go:597.27,601.28 4 1
/home/pascal/Dropbox/projets/go/float/powell.go:601.28,604.5 2 1
/home/pascal/Dropbox/projets/go/float/powell.go:607.22,609.4 1 0
/home/pascal/Dropbox/projets/go/float/powell.go:611.27,612.9 1 1
/home/pascal/Dropbox/projets/go/float/powell.go:614.23,615.9 1 0
/home/pascal/Dropbox/projets/go/float/powell.go:617.22,618.9 1 0
/home/pascal/Dropbox/projets/go/float/powell.go:624.24,628.4 3 1
/home/pascal/Dropbox/projets/go/float/powell.go:631.15,637.15 6 0
/home/pascal/Dropbox/projets/go/float/powell.go:637.15,643.5 3 0
/home/pascal/Dropbox/projets/go/float/powell.go:648.22,652.18 3 0
/home/pascal/Dropbox/projets/go/float/powell.go:652.18,654.4 1 0
/home/pascal/Dropbox/projets/go/float/powell.go:655.8,655.28 1 1
/home/pascal/Dropbox/projets/go/float/powell.go:655.28,659.18 3 0
/home/pascal/Dropbox/projets/go/float/powell.go:659.18,661.4 1 0
/home/pascal/Dropbox/projets/go/float/powell.go:662.8,664.18 1 1
/home/pascal/Dropbox/projets/go/float/powell.go:664.18,666.4 1 0
/home/pascal/Dropbox/projets/go/float/powell.go:677.47,679.36 2 1
/home/pascal/Dropbox/projets/go/float/powell.go:688.2,694.19 5 1
/home/pascal/Dropbox/projets/go/float/powell.go:699.2,699.26 1 1
/home/pascal/Dropbox/projets/go/float/powell.go:679.36,683.24 2 1
/home/pascal/Dropbox/projets/go/float/powell.go:686.3,686.19 1 1
/home/pascal/Dropbox/projets/go/float/powell.go:683.24,685.4 1 1
/home/pascal/Dropbox/projets/go/float/powell.go:694.19,697.3 2 1
/home/pascal/Dropbox/projets/go/float/powell.go:713.120,723.13 6 1
/home/pascal/Dropbox/projets/go/float/powell.go:727.2,731.14 5 1
/home/pascal/Dropbox/projets/go/float/powell.go:791.2,791.41 1 1
/home/pascal/Dropbox/projets/go/float/powell.go:723.13,726.3 2 1
/home/pascal/Dropbox/projets/go/float/powell.go:731.14,735.38 4 1
/home/pascal/Dropbox/projets/go/float/powell.go:740.3,742.23 3 1
/home/pascal/Dropbox/projets/go/float/powell.go:745.3,746.26 2 1
/home/pascal/Dropbox/projets/go/float/powell.go:784.3,789.10 6 1
/home/pascal/Dropbox/projets/go/float/powell.go:735.38,737.4 1 0
/home/pascal/Dropbox/projets/go/float/powell.go:737.9,739.4 1 1
/home/pascal/Dropbox/projets/go/float/powell.go:742.23,744.4 1 0
/home/pascal/Dropbox/projets/go/float/powell.go:746.26,749.15 3 1
/home/pascal/Dropbox/projets/go/float/powell.go:760.4,762.14 3 0
/home/pascal/Dropbox/projets/go/float/powell.go:749.15,755.5 5 1
/home/pascal/Dropbox/projets/go/float/powell.go:755.10,755.22 1 0
/home/pascal/Dropbox/projets/go/float/powell.go:755.22,759.5 3 0
/home/pascal/Dropbox/projets/go/float/powell.go:763.9,763.39 1 1
/home/pascal/Dropbox/projets/go/float/powell.go:763.39,767.4 3 0
/home/pascal/Dropbox/projets/go/float/powell.go:767.9,767.35 1 1
/home/pascal/Dropbox/projets/go/float/powell.go:767.35,770.15 3 1
/home/pascal/Dropbox/projets/go/float/powell.go:770.15,778.5 7 0
/home/pascal/Dropbox/projets/go/float/powell.go:779.9,783.4 3 0
/home/pascal/Dropbox/projets/go/float/powell.go:808.97,817.2 1 1
/home/pascal/Dropbox/projets/go/float/powell.go:818.57,821.2 2 0
/home/pascal/Dropbox/projets/go/float/powell.go:822.106,828.20 6 1
/home/pascal/Dropbox/projets/go/float/powell.go:844.2,844.41 1 1
/home/pascal/Dropbox/projets/go/float/powell.go:829.9,830.71 1 1
/home/pascal/Dropbox/projets/go/float/powell.go:831.9,832.85 1 0
/home/pascal/Dropbox/projets/go/float/powell.go:833.9,835.14 2 0
/home/pascal/Dropbox/projets/go/float/powell.go:838.3,839.32 2 0
/home/pascal/Dropbox/projets/go/float/powell.go:842.3,842.15 1 0
/home/pascal/Dropbox/projets/go/float/powell.go:835.14,837.4 1 0
/home/pascal/Dropbox/projets/go/float/powell.go:839.32,841.4 1 0
/home/pascal/Dropbox/projets/go/float/powell.go:847.40,865.13 9 1
/home/pascal/Dropbox/projets/go/float/powell.go:872.2,875.24 4 1
/home/pascal/Dropbox/projets/go/float/powell.go:970.2,970.64 1 1
/home/pascal/Dropbox/projets/go/float/powell.go:865.13,868.3 2 1
/home/pascal/Dropbox/projets/go/float/powell.go:868.8,871.3 2 1
/home/pascal/Dropbox/projets/go/float/powell.go:875.24,880.46 4 1
/home/pascal/Dropbox/projets/go/float/powell.go:886.3,886.33 1 1
/home/pascal/Dropbox/projets/go/float/powell.go:925.3,925.29 1 1
/home/pascal/Dropbox/projets/go/float/powell.go:934.3,937.14 3 1
/home/pascal/Dropbox/projets/go/float/powell.go:965.3,965.9 1 1
/home/pascal/Dropbox/projets/go/float/powell.go:880.46,881.9 1 1
/home/pascal/Dropbox/projets/go/float/powell.go:886.33,887.17 1 1
/home/pascal/Dropbox/projets/go/float/powell.go:892.4,892.22 1 1
/home/pascal/Dropbox/projets/go/float/powell.go:887.17,889.5 1 1
/home/pascal/Dropbox/projets/go/float/powell.go:889.10,891.5 1 1
/home/pascal/Dropbox/projets/go/float/powell.go:893.9,898.18 5 1
/home/pascal/Dropbox/projets/go/float/powell.go:901.4,906.51 4 1
/home/pascal/Dropbox/projets/go/float/powell.go:898.18,900.5 1 1
/home/pascal/Dropbox/projets/go/float/powell.go:906.51,909.37 3 1
/home/pascal/Dropbox/projets/go/float/powell.go:909.37,910.21 1 1
/home/pascal/Dropbox/projets/go/float/powell.go:910.21,912.7 1 1
/home/pascal/Dropbox/projets/go/float/powell.go:912.12,914.7 1 1
/home/pascal/Dropbox/projets/go/float/powell.go:916.10,917.18 1 1
/home/pascal/Dropbox/projets/go/float/powell.go:922.5,922.23 1 1
/home/pascal/Dropbox/projets/go/float/powell.go:917.18,919.6 1 0
/home/pascal/Dropbox/projets/go/float/powell.go:919.11,921.6 1 1
/home/pascal/Dropbox/projets/go/float/powell.go:925.29,926.16 1 1
/home/pascal/Dropbox/projets/go/float/powell.go:926.16,928.5 1 1
/home/pascal/Dropbox/projets/go/float/powell.go:928.10,930.5 1 0
/home/pascal/Dropbox/projets/go/float/powell.go:931.9,933.4 1 1
/home/pascal/Dropbox/projets/go/float/powell.go:937.14,938.13 1 1
/home/pascal/Dropbox/projets/go/float/powell.go:943.4,943.30 1 1
/home/pascal/Dropbox/projets/go/float/powell.go:938.13,940.5 1 1
/home/pascal/Dropbox/projets/go/float/powell.go:940.10,942.5 1 1
/home/pascal/Dropbox/projets/go/float/powell.go:943.30,948.5 4 1
/home/pascal/Dropbox/projets/go/float/powell.go:948.10,948.49 1 1
/home/pascal/Dropbox/projets/go/float/powell.go:948.49,951.5 2 1
/home/pascal/Dropbox/projets/go/float/powell.go:952.9,953.14 1 1
/home/pascal/Dropbox/projets/go/float/powell.go:958.4,963.11 6 1
/home/pascal/Dropbox/projets/go/float/powell.go:953.14,955.5 1 1
/home/pascal/Dropbox/projets/go/float/powell.go:955.10,957.5 1 1
/home/pascal/Dropbox/projets/go/float/avx_amd64.go:13.50,18.2 4 1
/home/pascal/Dropbox/projets/go/float/avx_amd64.go:23.50,28.2 4 1
/home/pascal/Dropbox/projets/go/float/brent.go:18.99,26.16 5 1
/home/pascal/Dropbox/projets/go/float/brent.go:30.2,30.23 1 1
/home/pascal/Dropbox/projets/go/float/brent.go:34.2,39.32 4 1
/home/pascal/Dropbox/projets/go/float/brent.go:101.2,101.19 1 1
/home/pascal/Dropbox/projets/go/float/brent.go:105.2,105.15 1 1
/home/pascal/Dropbox/projets/go/float/brent.go:26.16,28.3 1 0
/home/pascal/Dropbox/projets/go/float/brent.go:30.23,32.3 1 0
/home/pascal/Dropbox/projets/go/float/brent.go:39.32,40.20 1 1
/home/pascal/Dropbox/projets/go/float/brent.go:43.3,44.17 2 1
/home/pascal/Dropbox/projets/go/float/brent.go:52.3,52.27 1 1
/home/pascal/Dropbox/projets/go/float/brent.go:66.3,68.14 3 1
/home/pascal/Dropbox/projets/go/float/brent.go:76.3,76.26 1 1
/home/pascal/Dropbox/projets/go/float/brent.go:84.3,90.16 4 1
/home/pascal/Dropbox/projets/go/float/brent.go:96.3,96.24 1 1
/home/pascal/Dropbox/projets/go/float/brent.go:40.20,42.4 1 0
/home/pascal/Dropbox/projets/go/float/brent.go:44.17,46.4 1 0
/home/pascal/Dropbox/projets/go/float/brent.go:52.27,56.4 1 1
/home/pascal/Dropbox/projets/go/float/brent.go:56.9,58.4 1 1
/home/pascal/Dropbox/projets/go/float/brent.go:68.14,69.13 1 1
/home/pascal/Dropbox/projets/go/float/brent.go:69.13,71.5 1 1
/home/pascal/Dropbox/projets/go/float/brent.go:71.10,73.5 1 1
/home/pascal/Dropbox/projets/go/float/brent.go:76.26,79.4 2 1
/home/pascal/Dropbox/projets/go/float/brent.go:79.9,81.4 1 1
/home/pascal/Dropbox/projets/go/float/brent.go:90.16,92.4 1 1
/home/pascal/Dropbox/projets/go/float/brent.go:92.9,94.4 1 1
/home/pascal/Dropbox/projets/go/float/brent.go:96.24,98.4 1 1
/home/pascal/Dropbox/projets/go/float/brent.go:101.19,103.3 1 0
/home/pascal/Dropbox/projets/go/float/brent.go:110.104,118.16 5 1
/home/pascal/Dropbox/projets/go/float/brent.go:122.2,122.23 1 1
/home/pascal/Dropbox/projets/go/float/brent.go:125.2,127.32 2 1
/home/pascal/Dropbox/projets/go/float/brent.go:146.2,146.19 1 1
/home/pascal/Dropbox/projets/go/float/brent.go:150.2,150.15 1 1
/home/pascal/Dropbox/projets/go/float/brent.go:118.16,120.3 1 0
/home/pascal/Dropbox/projets/go/float/brent.go:122.23,124.3 1 0
/home/pascal/Dropbox/projets/go/float/brent.go:127.32,128.20 1 1
/home/pascal/Dropbox/projets/go/float/brent.go:131.3,135.16 4 1
/home/pascal/Dropbox/projets/go/float/brent.go:141.3,141.24 1 1
/home/pascal/Dropbox/projets/go/float/brent.go:128.20,130.4 1 0
/home/pascal/Dropbox/projets/go/float/brent.go:135.16,137.4 1 1
/home/pascal/Dropbox/projets/go/float/brent.go:137.9,139.4 1 1
/home/pascal/Dropbox/projets/go/float/brent.go:141.24,143.4 1 1
/home/pascal/Dropbox/projets/go/float/brent.go:146.19,148.3 1 0
/home/pascal/Dropbox/projets/go/float/brent.go:156.99,164.16 5 1
/home/pascal/Dropbox/projets/go/float/brent.go:168.2,168.23 1 1
/home/pascal/Dropbox/projets/go/float/brent.go:172.2,177.32 4 1
/home/pascal/Dropbox/projets/go/float/brent.go:239.2,239.19 1 1
/home/pascal/Dropbox/projets/go/float/brent.go:243.2,243.15 1 1
/home/pascal/Dropbox/projets/go/float/brent.go:164.16,166.3 1 0
/home/pascal/Dropbox/projets/go/float/brent.go:168.23,170.3 1 0
/home/pascal/Dropbox/projets/go/float/brent.go:177.32,178.20 1 1
/home/pascal/Dropbox/projets/go/float/brent.go:181.3,182.17 2 1
/home/pascal/Dropbox/projets/go/float/brent.go:190.3,190.27 1 1
/home/pascal/Dropbox/projets/go/float/brent.go:204.3,206.14 3 1
/home/pascal/Dropbox/projets/go/float/brent.go:214.3,214.26 1 1
/home/pascal/Dropbox/projets/go/float/brent.go:222.3,228.16 4 1
/home/pascal/Dropbox/projets/go/float/brent.go:234.3,234.24 1 1
/home/pascal/Dropbox/projets/go/float/brent.go:178.20,180.4 1 0
/home/pascal/Dropbox/projets/go/float/brent.go:182.17,184.4 1 0
/home/pascal/Dropbox/projets/go/float/brent.go:190.27,194.4 1 1
/home/pascal/Dropbox/projets/go/float/brent.go:194.9,196.4 1 1
/home/pascal/Dropbox/projets/go/float/brent.go:206.14,207.13 1 1
/home/pascal/Dropbox/projets/go/float/brent.go:207.13,209.5 1 1
/home/pascal/Dropbox/projets/go/float/brent.go:209.10,211.5 1 1
/home/pascal/Dropbox/projets/go/float/brent.go:214.26,217.4 2 1
/home/pascal/Dropbox/projets/go/float/brent.go:217.9,219.4 1 1
/home/pascal/Dropbox/projets/go/float/brent.go:228.16,230.4 1 1
/home/pascal/Dropbox/projets/go/float/brent.go:230.9,232.4 1 1
/home/pascal/Dropbox/projets/go/float/brent.go:234.24,236.4 1 1
/home/pascal/Dropbox/projets/go/float/brent.go:239.19,241.3 1 0
/home/pascal/Dropbox/projets/go/float/brent.go:248.104,256.16 5 1
/home/pascal/Dropbox/projets/go/float/brent.go:260.2,260.23 1 1
/home/pascal/Dropbox/projets/go/float/brent.go:263.2,265.32 2 1
/home/pascal/Dropbox/projets/go/float/brent.go:284.2,284.19 1 1
/home/pascal/Dropbox/projets/go/float/brent.go:288.2,288.15 1 1
/home/pascal/Dropbox/projets/go/float/brent.go:256.16,258.3 1 0
/home/pascal/Dropbox/projets/go/float/brent.go:260.23,262.3 1 0
/home/pascal/Dropbox/projets/go/float/brent.go:265.32,266.20 1 1
/home/pascal/Dropbox/projets/go/float/brent.go:269.3,273.16 4 1
/home/pascal/Dropbox/projets/go/float/brent.go:279.3,279.24 1 1
/home/pascal/Dropbox/projets/go/float/brent.go:266.20,268.4 1 0
/home/pascal/Dropbox/projets/go/float/brent.go:273.16,275.4 1 1
/home/pascal/Dropbox/projets/go/float/brent.go:275.9,277.4 1 1
/home/pascal/Dropbox/projets/go/float/brent.go:279.24,281.4 1 1
/home/pascal/Dropbox/projets/go/float/brent.go:284.19,286.3 1 0
/home/pascal/Dropbox/projets/go/float/float.gen.go:19.26,19.49 1 0
/home/pascal/Dropbox/projets/go/float/float.gen.go:21.34,21.60 1 0
/home/pascal/Dropbox/projets/go/float/float.gen.go:24.25,24.42 1 1
/home/pascal/Dropbox/projets/go/float/float.gen.go:27.35,27.57 1 1
/home/pascal/Dropbox/projets/go/float/float.gen.go:30.30,30.57 1 1
/home/pascal/Dropbox/projets/go/float/float.gen.go:33.22,35.2 1 1
/home/pascal/Dropbox/projets/go/float/float.gen.go:38.37,39.46 1 1
/home/pascal/Dropbox/projets/go/float/float.gen.go:39.46,39.66 1 1
/home/pascal/Dropbox/projets/go/float/float.gen.go:43.39,45.19 2 1
/home/pascal/Dropbox/projets/go/float/float.gen.go:48.2,48.38 1 1
/home/pascal/Dropbox/projets/go/float/float.gen.go:49.2,49.12 1 1
/home/pascal/Dropbox/projets/go/float/float.gen.go:45.19,47.3 1 1
/home/pascal/Dropbox/projets/go/float/float.gen.go:48.38,48.70 1 1
/home/pascal/Dropbox/projets/go/float/float.gen.go:53.40,55.28 2 1
/home/pascal/Dropbox/projets/go/float/float.gen.go:62.2,62.35 1 1
/home/pascal/Dropbox/projets/go/float/float.gen.go:55.28,57.3 1 0
/home/pascal/Dropbox/projets/go/float/float.gen.go:57.8,60.42 3 1
/home/pascal/Dropbox/projets/go/float/float.gen.go:60.42,60.74 1 1
/home/pascal/Dropbox/projets/go/float/float.gen.go:66.38,68.2 1 1
/home/pascal/Dropbox/projets/go/float/float.gen.go:71.35,72.20 1 1
/home/pascal/Dropbox/projets/go/float/float.gen.go:75.2,75.10 1 1
/home/pascal/Dropbox/projets/go/float/float.gen.go:72.20,74.3 1 1
/home/pascal/Dropbox/projets/go/float/float.gen.go:79.36,81.22 2 1
/home/pascal/Dropbox/projets/go/float/float.gen.go:86.2,86.11 1 1
/home/pascal/Dropbox/projets/go/float/float.gen.go:81.22,82.26 1 1
/home/pascal/Dropbox/projets/go/float/float.gen.go:82.26,84.4 1 1
/home/pascal/Dropbox/projets/go/float/float.gen.go:90.36,92.22 2 1
/home/pascal/Dropbox/projets/go/float/float.gen.go:97.2,97.11 1 1
/home/pascal/Dropbox/projets/go/float/float.gen.go:92.22,93.26 1 1
/home/pascal/Dropbox/projets/go/float/float.gen.go:93.26,95.4 1 1
/home/pascal/Dropbox/projets/go/float/float.gen.go:101.37,103.12 2 1
/home/pascal/Dropbox/projets/go/float/float.gen.go:106.2,106.14 1 1
/home/pascal/Dropbox/projets/go/float/float.gen.go:103.12,105.3 1 0
/home/pascal/Dropbox/projets/go/float/float.gen.go:110.37,112.12 2 1
/home/pascal/Dropbox/projets/go/float/float.gen.go:115.2,115.14 1 1
/home/pascal/Dropbox/projets/go/float/float.gen.go:112.12,114.3 1 0
/home/pascal/Dropbox/projets/go/float/float.gen.go:119.40,122.27 3 1
/home/pascal/Dropbox/projets/go/float/float.gen.go:122.27,124.3 1 1
/home/pascal/Dropbox/projets/go/float/float.gen.go:129.51,131.2 1 1
/home/pascal/Dropbox/projets/go/float/float.gen.go:134.47,135.26 1 0
/home/pascal/Dropbox/projets/go/float/float.gen.go:139.2,139.25 1 0
/home/pascal/Dropbox/projets/go/float/float.gen.go:143.2,143.22 1 0
/home/pascal/Dropbox/projets/go/float/float.gen.go:135.26,136.39 1 0
/home/pascal/Dropbox/projets/go/float/float.gen.go:139.25,140.39 1 0
/home/pascal/Dropbox/projets/go/float/float.gen.go:143.22,144.38 1 0
/home/pascal/Dropbox/projets/go/float/float.gen.go:150.50,152.2 1 1
/home/pascal/Dropbox/projets/go/float/float.gen.go:155.38,157.2 1 1
/home/pascal/Dropbox/projets/go/float/float.gen.go:160.38,162.2 1 1
/home/pascal/Dropbox/projets/go/float/float.gen.go:165.36,166.23 1 1
/home/pascal/Dropbox/projets/go/float/float.gen.go:169.2,169.10 1 1
/home/pascal/Dropbox/projets/go/float/float.gen.go:166.23,168.3 1 1
/home/pascal/Dropbox/projets/go/float/float.gen.go:173.91,175.22 2 0
/home/pascal/Dropbox/projets/go/float/float.gen.go:178.2,178.10 1 0
/home/pascal/Dropbox/projets/go/float/float.gen.go:175.22,177.3 1 0
/home/pascal/Dropbox/projets/go/float/float.gen.go:182.38,182.54 1 0
/home/pascal/Dropbox/projets/go/float/float.gen.go:185.46,188.25 3 1
/home/pascal/Dropbox/projets/go/float/float.gen.go:188.25,190.3 1 1
/home/pascal/Dropbox/projets/go/float/float.gen.go:194.47,201.37 6 1
/home/pascal/Dropbox/projets/go/float/float.gen.go:220.2,220.26 1 1
/home/pascal/Dropbox/projets/go/float/float.gen.go:201.37,219.3 8 1
/home/pascal/Dropbox/projets/go/float/float.gen.go:220.26,222.3 1 1
/home/pascal/Dropbox/projets/go/float/float.gen.go:227.46,230.25 3 1
/home/pascal/Dropbox/projets/go/float/float.gen.go:230.25,232.3 1 1
/home/pascal/Dropbox/projets/go/float/float.gen.go:236.47,242.37 6 1
/home/pascal/Dropbox/projets/go/float/float.gen.go:261.2,261.26 1 1
/home/pascal/Dropbox/projets/go/float/float.gen.go:242.37,260.3 8 1
/home/pascal/Dropbox/projets/go/float/float.gen.go:261.26,263.3 1 1
/home/pascal/Dropbox/projets/go/float/float.gen.go:267.46,270.25 3 1
/home/pascal/Dropbox/projets/go/float/float.gen.go:270.25,272.3 1 1
/home/pascal/Dropbox/projets/go/float/float.gen.go:276.47,282.37 6 1
/home/pascal/Dropbox/projets/go/float/float.gen.go:301.2,301.26 1 1
/home/pascal/Dropbox/projets/go/float/float.gen.go:282.37,300.3 8 1
/home/pascal/Dropbox/projets/go/float/float.gen.go:301.26,303.3 1 1
/home/pascal/Dropbox/projets/go/float/float.gen.go:307.60,309.25 2 1
/home/pascal/Dropbox/projets/go/float/float.gen.go:309.25,311.3 1 1
/home/pascal/Dropbox/projets/go/float/float.gen.go:315.61,320.37 5 1
/home/pascal/Dropbox/projets/go/float/float.gen.go:339.2,339.26 1 1
/home/pascal/Dropbox/projets/go/float/float.gen.go:320.37,338.3 8 1
/home/pascal/Dropbox/projets/go/float/float.gen.go:339.26,341.3 1 1
/home/pascal/Dropbox/projets/go/float/float.gen.go:345.44,348.25 3 1
/home/pascal/Dropbox/projets/go/float/float.gen.go:351.2,351.12 1 1
/home/pascal/Dropbox/projets/go/float/float.gen.go:348.25,350.3 1 1
/home/pascal/Dropbox/projets/go/float/float.gen.go:355.45,362.37 6 1
/home/pascal/Dropbox/projets/go/float/float.gen.go:365.2,365.26 1 1
/home/pascal/Dropbox/projets/go/float/float.gen.go:368.2,368.12 1 1
/home/pascal/Dropbox/projets/go/float/float.gen.go:362.37,364.3 1 1
/home/pascal/Dropbox/projets/go/float/float.gen.go:365.26,367.3 1 1
/home/pascal/Dropbox/projets/go/float/float.gen.go:372.47,376.25 4 1
/home/pascal/Dropbox/projets/go/float/float.gen.go:379.2,379.12 1 1
/home/pascal/Dropbox/projets/go/float/float.gen.go:376.25,378.3 1 1
/home/pascal/Dropbox/projets/go/float/float.gen.go:383.48,390.37 7 1
/home/pascal/Dropbox/projets/go/float/float.gen.go:393.2,393.26 1 1
/home/pascal/Dropbox/projets/go/float/float.gen.go:396.2,396.12 1 1
/home/pascal/Dropbox/projets/go/float/float.gen.go:390.37,392.3 1 1
/home/pascal/Dropbox/projets/go/float/float.gen.go:393.26,395.3 1 1
/home/pascal/Dropbox/projets/go/float/float.gen.go:404.26,404.49 1 0
/home/pascal/Dropbox/projets/go/float/float.gen.go:406.34,406.60 1 0
/home/pascal/Dropbox/projets/go/float/float.gen.go:409.25,409.42 1 1
/home/pascal/Dropbox/projets/go/float/float.gen.go:412.35,412.57 1 1
/home/pascal/Dropbox/projets/go/float/float.gen.go:415.30,415.57 1 1
/home/pascal/Dropbox/projets/go/float/float.gen.go:418.22,420.2 1 1
/home/pascal/Dropbox/projets/go/float/float.gen.go:423.37,424.46 1 1
/home/pascal/Dropbox/projets/go/float/float.gen.go:424.46,424.66 1 1
/home/pascal/Dropbox/projets/go/float/float.gen.go:428.39,430.19 2 1
/home/pascal/Dropbox/projets/go/float/float.gen.go:433.2,433.38 1 1
/home/pascal/Dropbox/projets/go/float/float.gen.go:434.2,434.12 1 1
/home/pascal/Dropbox/projets/go/float/float.gen.go:430.19,432.3 1 1
/home/pascal/Dropbox/projets/go/float/float.gen.go:433.38,433.70 1 1
/home/pascal/Dropbox/projets/go/float/float.gen.go:438.40,440.28 2 1
/home/pascal/Dropbox/projets/go/float/float.gen.go:447.2,447.35 1 1
/home/pascal/Dropbox/projets/go/float/float.gen.go:440.28,442.3 1 0
/home/pascal/Dropbox/projets/go/float/float.gen.go:442.8,445.42 3 1
/home/pascal/Dropbox/projets/go/float/float.gen.go:445.42,445.74 1 1
/home/pascal/Dropbox/projets/go/float/float.gen.go:451.38,453.2 1 1
/home/pascal/Dropbox/projets/go/float/float.gen.go:456.35,457.20 1 1
/home/pascal/Dropbox/projets/go/float/float.gen.go:460.2,460.10 1 1
/home/pascal/Dropbox/projets/go/float/float.gen.go:457.20,459.3 1 1
/home/pascal/Dropbox/projets/go/float/float.gen.go:464.36,466.22 2 1
/home/pascal/Dropbox/projets/go/float/float.gen.go:471.2,471.11 1 1
/home/pascal/Dropbox/projets/go/float/float.gen.go:466.22,467.26 1 1
/home/pascal/Dropbox/projets/go/float/float.gen.go:467.26,469.4 1 1
/home/pascal/Dropbox/projets/go/float/float.gen.go:475.36,477.22 2 1
/home/pascal/Dropbox/projets/go/float/float.gen.go:482.2,482.11 1 1
/home/pascal/Dropbox/projets/go/float/float.gen.go:477.22,478.26 1 1
/home/pascal/Dropbox/projets/go/float/float.gen.go:478.26,480.4 1 1
/home/pascal/Dropbox/projets/go/float/float.gen.go:486.37,488.12 2 1
/home/pascal/Dropbox/projets/go/float/float.gen.go:491.2,491.14 1 1
/home/pascal/Dropbox/projets/go/float/float.gen.go:488.12,490.3 1 0
/home/pascal/Dropbox/projets/go/float/float.gen.go:495.37,497.12 2 1
/home/pascal/Dropbox/projets/go/float/float.gen.go:500.2,500.14 1 1
/home/pascal/Dropbox/projets/go/float/float.gen.go:497.12,499.3 1 0
/home/pascal/Dropbox/projets/go/float/float.gen.go:504.40,507.27 3 1
/home/pascal/Dropbox/projets/go/float/float.gen.go:507.27,509.3 1 1
/home/pascal/Dropbox/projets/go/float/float.gen.go:514.51,516.2 1 1
/home/pascal/Dropbox/projets/go/float/float.gen.go:519.47,520.26 1 0
/home/pascal/Dropbox/projets/go/float/float.gen.go:524.2,524.25 1 0
/home/pascal/Dropbox/projets/go/float/float.gen.go:528.2,528.22 1 0
/home/pascal/Dropbox/projets/go/float/float.gen.go:520.26,521.39 1 0
/home/pascal/Dropbox/projets/go/float/float.gen.go:524.25,525.39 1 0
/home/pascal/Dropbox/projets/go/float/float.gen.go:528.22,529.38 1 0
/home/pascal/Dropbox/projets/go/float/float.gen.go:535.50,537.2 1 1
/home/pascal/Dropbox/projets/go/float/float.gen.go:540.38,542.2 1 1
/home/pascal/Dropbox/projets/go/float/float.gen.go:545.38,547.2 1 1
/home/pascal/Dropbox/projets/go/float/float.gen.go:550.36,551.23 1 1
/home/pascal/Dropbox/projets/go/float/float.gen.go:554.2,554.10 1 1
/home/pascal/Dropbox/projets/go/float/float.gen.go:551.23,553.3 1 1
/home/pascal/Dropbox/projets/go/float/float.gen.go:558.91,560.22 2 0
/home/pascal/Dropbox/projets/go/float/float.gen.go:563.2,563.10 1 0
/home/pascal/Dropbox/projets/go/float/float.gen.go:560.22,562.3 1 0
/home/pascal/Dropbox/projets/go/float/float.gen.go:567.38,567.54 1 0
/home/pascal/Dropbox/projets/go/float/float.gen.go:570.46,573.25 3 1
/home/pascal/Dropbox/projets/go/float/float.gen.go:573.25,575.3 1 1
/home/pascal/Dropbox/projets/go/float/float.gen.go:579.47,586.37 6 1
/home/pascal/Dropbox/projets/go/float/float.gen.go:597.2,597.26 1 1
/home/pascal/Dropbox/projets/go/float/float.gen.go:586.37,596.3 4 1
/home/pascal/Dropbox/projets/go/float/float.gen.go:597.26,599.3 1 1
/home/pascal/Dropbox/projets/go/float/float.gen.go:604.46,607.25 3 1
/home/pascal/Dropbox/projets/go/float/float.gen.go:607.25,609.3 1 1
/home/pascal/Dropbox/projets/go/float/float.gen.go:613.47,619.37 6 1
/home/pascal/Dropbox/projets/go/float/float.gen.go:630.2,630.26 1 1
/home/pascal/Dropbox/projets/go/float/float.gen.go:619.37,629.3 4 1
/home/pascal/Dropbox/projets/go/float/float.gen.go:630.26,632.3 1 1
/home/pascal/Dropbox/projets/go/float/float.gen.go:636.46,639.25 3 1
/home/pascal/Dropbox/projets/go/float/float.gen.go:639.25,641.3 1 1
/home/pascal/Dropbox/projets/go/float/float.gen.go:645.47,651.37 6 1
/home/pascal/Dropbox/projets/go/float/float.gen.go:662.2,662.26 1 1
/home/pascal/Dropbox/projets/go/float/float.gen.go:651.37,661.3 4 1
/home/pascal/Dropbox/projets/go/float/float.gen.go:662.26,664.3 1 1
/home/pascal/Dropbox/projets/go/float/float.gen.go:668.60,670.25 2 1
/home/pascal/Dropbox/projets/go/float/float.gen.go:670.25,672.3 1 1
/home/pascal/Dropbox/projets/go/float/float.gen.go:676.61,681.37 5 1
/home/pascal/Dropbox/projets/go/float/float.gen.go:692.2,692.26 1 1
/home/pascal/Dropbox/projets/go/float/float.gen.go:681.37,691.3 4 1
/home/pascal/Dropbox/projets/go/float/float.gen.go:692.26,694.3 1 1
/home/pascal/Dropbox/projets/go/float/float.gen.go:698.44,701.25 3 1
/home/pascal/Dropbox/projets/go/float/float.gen.go:704.2,704.12 1 1
/home/pascal/Dropbox/projets/go/float/float.gen.go:701.25,703.3 1 1
/home/pascal/Dropbox/projets/go/float/float.gen.go:708.45,715.37 6 1
/home/pascal/Dropbox/projets/go/float/float.gen.go:718.2,718.26 1 1
/home/pascal/Dropbox/projets/go/float/float.gen.go:721.2,721.12 1 1
/home/pascal/Dropbox/projets/go/float/float.gen.go:715.37,717.3 1 1
/home/pascal/Dropbox/projets/go/float/float.gen.go:718.26,720.3 1 1
/home/pascal/Dropbox/projets/go/float/float.gen.go:725.47,729.25 4 1
/home/pascal/Dropbox/projets/go/float/float.gen.go:732.2,732.12 1 1
/home/pascal/Dropbox/projets/go/float/float.gen.go:729.25,731.3 1 1
/home/pascal/Dropbox/projets/go/float/float.gen.go:736.48,743.37 7 1
/home/pascal/Dropbox/projets/go/float/float.gen.go:746.2,746.26 1 1
/home/pascal/Dropbox/projets/go/float/float.gen.go:749.2,749.12 1 1
/home/pascal/Dropbox/projets/go/float/float.gen.go:743.37,745.3 1 1
/home/pascal/Dropbox/projets/go/float/float.gen.go:746.26,748.3 1 1
